1:# trace1v.txt - simple trace file
2:alloc    40000000  1000
3:# Make sure allocated page is cleared to 0 by checking scattered blocks of bytes
4:compare  40000000  0     0   0   0   0   0  0  0  0  0  0  0  0  0  0
5:compare  40000800  0     0   0   0   0   0  0  0  0  0  0  0  0  0  0
6:compare  40000ff0  0     0   0   0   0   0  0  0  0  0  0  0  0  0  0
7:fill     40000000  1000  55
8:put      400000a0  81    82  83  84  85
9:put      400000a2  92
10:compare  400000a0  81    82  92  84  85
11:put      400000ff  aa
12:compare  400000ff  aa
13:fill     4000000b  3     de
14:compare  4000000a  55    de  de  de  55
15:fill     40000020  10    cc
16:copy     40000021  400000a0  6
17:compare  40000020  cc    81  82  92  84  85
18:dump     40000000  100
40000000
 55 55 55 55 55 55 55 55 55 55 55 de de de 55 55
 55 55 55 55 55 55 55 55 55 55 55 55 55 55 55 55
 cc 81 82 92 84 85 55 cc cc cc cc cc cc cc cc cc
 55 55 55 55 55 55 55 55 55 55 55 55 55 55 55 55
 55 55 55 55 55 55 55 55 55 55 55 55 55 55 55 55
 55 55 55 55 55 55 55 55 55 55 55 55 55 55 55 55
 55 55 55 55 55 55 55 55 55 55 55 55 55 55 55 55
 55 55 55 55 55 55 55 55 55 55 55 55 55 55 55 55
 55 55 55 55 55 55 55 55 55 55 55 55 55 55 55 55
 55 55 55 55 55 55 55 55 55 55 55 55 55 55 55 55
 81 82 92 84 85 55 55 55 55 55 55 55 55 55 55 55
 55 55 55 55 55 55 55 55 55 55 55 55 55 55 55 55
 55 55 55 55 55 55 55 55 55 55 55 55 55 55 55 55
 55 55 55 55 55 55 55 55 55 55 55 55 55 55 55 55
 55 55 55 55 55 55 55 55 55 55 55 55 55 55 55 55
 55 55 55 55 55 55 55 55 55 55 55 55 55 55 55 aa
19:# end of trace
