1:1:# trace2v_multi-page.txt
2:1:#   Allocates multiple pages (in the same 2nd-level page table)
3:1:quota    7
4:1:# Write a single byte to cause pages to be allocated (and compare to expected)
5:1:put      010067ff  ff
6:1:compare  010067fe  00    ff  00
7:1:put      010077ff  ff
8:1:compare  010077fe  00    ff  00
9:1:put      010087ff  ff
10:1:compare  010087fe  00    ff  00
11:1:# Spot check pages cleared to 0
12:1:compare  01006000  0     0   0   0   0   0  0  0  0  0  0  0  0  0  0
13:1:compare  01007000  0     0   0   0   0   0  0  0  0  0  0  0  0  0  0
14:1:compare  01008000  0     0   0   0   0   0  0  0  0  0  0  0  0  0  0
15:1:fill     01006000  3000  ff
16:1:put      01006ff0  0     1   2   3   4  5  6  7  8  9  a  b  c  d  e  f
17:1:compare  01006ff0  0     1   2   3   4  5  6  7  8  9  a  b  c  d  e  f
18:1:dump     01006fef  12
1006fef
 ff 00 01 02 03 04 05 06 07 08 09 0a 0b 0c 0d 0e
 0f ff
19:1:fill     01023000  1800  a1
20:1:fill     01024800  1800  a2
21:1:fill     01026000  1000  a3
22:1:compare  01006ff0  0     1   2   3   4  5  6  7  8  9  a  b  c  d  e  f
23:1:dump     01006fef  12
1006fef
 ff 00 01 02 03 04 05 06 07 08 09 0a 0b 0c 0d 0e
 0f ff
24:1:compare  010247fe  a1    a1  a2  a2
25:1:dump     010247f0  20
10247f0
 a1 a1 a1 a1 a1 a1 a1 a1 a1 a1 a1 a1 a1 a1 a1 a1
 a2 a2 a2 a2 a2 a2 a2 a2 a2 a2 a2 a2 a2 a2 a2 a2
26:1:compare  01025ffe  a2    a2  a3  a3
27:1:dump     01025ff0  20
1025ff0
 a2 a2 a2 a2 a2 a2 a2 a2 a2 a2 a2 a2 a2 a2 a2 a2
 a3 a3 a3 a3 a3 a3 a3 a3 a3 a3 a3 a3 a3 a3 a3 a3
28:1:dump     01026ff0  10
1026ff0
 a3 a3 a3 a3 a3 a3 a3 a3 a3 a3 a3 a3 a3 a3 a3 a3
29:1:copy     01025000  01006ff0  10
30:1:compare  01024fff  a2     0   1   2   3   4  5  6  7  8  9  a  b  c  d  e  f  a2
31:1:# The following line tests that compare will generate errors on mismatches.
32:1:# There should be two mismatched bytes.
33:1:compare  01024fff  a2     0   1   2   e   4  5  6  7  8  9  a  b  0  d  e  f  a2
compare error at address 1025003, expected e, actual is 3
compare error at address 102500c, expected 0, actual is c
34:1:# end of trace
34:1:TERMINATED
