1:1:# trace1v.txt - simple trace file
2:1:quota    1
3:1:# Write a single byte to cause page to be allocated (and compare to expected)
4:1:put      400007ff  ff
5:1:compare  400007fe  00    ff  00
6:1:# Make sure allocated page is cleared to 0 by checking scattered blocks of bytes
7:1:compare  40000000  0     0   0   0   0   0  0  0  0  0  0  0  0  0  0
8:1:compare  40000800  0     0   0   0   0   0  0  0  0  0  0  0  0  0  0
9:1:compare  40000ff0  0     0   0   0   0   0  0  0  0  0  0  0  0  0  0
10:1:fill     40000000  1000  55
11:1:put      400000a0  81    82  83  84  85
12:1:put      400000a2  92
13:1:compare  400000a0  81    82  92  84  85
14:1:put      400000ff  aa
15:1:compare  400000ff  aa
16:1:fill     4000000b  3     de
17:1:compare  4000000a  55    de  de  de  55
18:1:fill     40000020  10    cc
19:1:copy     40000021  400000a0  6
20:1:compare  40000020  cc    81  82  92  84  85
21:1:dump     40000000  100
40000000
 55 55 55 55 55 55 55 55 55 55 55 de de de 55 55
 55 55 55 55 55 55 55 55 55 55 55 55 55 55 55 55
 cc 81 82 92 84 85 55 cc cc cc cc cc cc cc cc cc
 55 55 55 55 55 55 55 55 55 55 55 55 55 55 55 55
 55 55 55 55 55 55 55 55 55 55 55 55 55 55 55 55
 55 55 55 55 55 55 55 55 55 55 55 55 55 55 55 55
 55 55 55 55 55 55 55 55 55 55 55 55 55 55 55 55
 55 55 55 55 55 55 55 55 55 55 55 55 55 55 55 55
 55 55 55 55 55 55 55 55 55 55 55 55 55 55 55 55
 55 55 55 55 55 55 55 55 55 55 55 55 55 55 55 55
 81 82 92 84 85 55 55 55 55 55 55 55 55 55 55 55
 55 55 55 55 55 55 55 55 55 55 55 55 55 55 55 55
 55 55 55 55 55 55 55 55 55 55 55 55 55 55 55 55
 55 55 55 55 55 55 55 55 55 55 55 55 55 55 55 55
 55 55 55 55 55 55 55 55 55 55 55 55 55 55 55 55
 55 55 55 55 55 55 55 55 55 55 55 55 55 55 55 aa
22:1:# end of trace
22:1:TERMINATED
